# JRE version: OpenJDK Runtime Environment (8.0_152-b01) (build 1.8.0_152-release-915-b01)
# Java VM: OpenJDK 64-Bit Server VM (25.152-b01 mixed mode windows-amd64 compressed oops)
Heap:
 PSYoungGen      total 95744K, used 34682K [0x00000000e0000000, 0x00000000e7d00000, 0x0000000100000000)
  eden space 72192K, 40% used [0x00000000e0000000,0x00000000e1cda888,0x00000000e4680000)
  from space 23552K, 21% used [0x00000000e4680000,0x00000000e4b84010,0x00000000e5d80000)
  to   space 23552K, 0% used [0x00000000e6600000,0x00000000e6600000,0x00000000e7d00000)
 ParOldGen       total 78336K, used 41915K [0x00000000a0000000, 0x00000000a4c80000, 0x00000000e0000000)
  object space 78336K, 53% used [0x00000000a0000000,0x00000000a28eef80,0x00000000a4c80000)
 Metaspace       used 78330K, capacity 83566K, committed 88448K, reserved 1126400K
  class space    used 10130K, capacity 11362K, committed 12416K, reserved 1048576K
GC Heap History (10 events):
Event: 2585.621 GC heap before
{Heap before GC invocations=57 (full 3):
 PSYoungGen      total 81408K, used 71438K [0x00000000e0000000, 0x00000000e6f80000, 0x0000000100000000)
  eden space 56320K, 100% used [0x00000000e0000000,0x00000000e3700000,0x00000000e3700000)
  from space 25088K, 60% used [0x00000000e3700000,0x00000000e45c3ac0,0x00000000e4f80000)
  to   space 24576K, 0% used [0x00000000e5780000,0x00000000e5780000,0x00000000e6f80000)
 ParOldGen       total 72192K, used 65201K [0x00000000a0000000, 0x00000000a4680000, 0x00000000e0000000)
  object space 72192K, 90% used [0x00000000a0000000,0x00000000a3fac510,0x00000000a4680000)
 Metaspace       used 81590K, capacity 88102K, committed 88192K, reserved 1124352K
  class space    used 10804K, capacity 12332K, committed 12416K, reserved 1048576K
Event: 2585.634 GC heap after
Heap after GC invocations=57 (full 3):
 PSYoungGen      total 86528K, used 11213K [0x00000000e0000000, 0x00000000e6d00000, 0x0000000100000000)
  eden space 64512K, 0% used [0x00000000e0000000,0x00000000e0000000,0x00000000e3f00000)
  from space 22016K, 50% used [0x00000000e5780000,0x00000000e6273518,0x00000000e6d00000)
  to   space 23552K, 0% used [0x00000000e3f00000,0x00000000e3f00000,0x00000000e5600000)
 ParOldGen       total 72192K, used 65685K [0x00000000a0000000, 0x00000000a4680000, 0x00000000e0000000)
  object space 72192K, 90% used [0x00000000a0000000,0x00000000a4025550,0x00000000a4680000)
 Metaspace       used 81590K, capacity 88102K, committed 88192K, reserved 1124352K
  class space    used 10804K, capacity 12332K, committed 12416K, reserved 1048576K
}
Event: 2588.209 GC heap before
{Heap before GC invocations=58 (full 3):
 PSYoungGen      total 86528K, used 75725K [0x00000000e0000000, 0x00000000e6d00000, 0x0000000100000000)
  eden space 64512K, 100% used [0x00000000e0000000,0x00000000e3f00000,0x00000000e3f00000)
  from space 22016K, 50% used [0x00000000e5780000,0x00000000e6273518,0x00000000e6d00000)
  to   space 23552K, 0% used [0x00000000e3f00000,0x00000000e3f00000,0x00000000e5600000)
 ParOldGen       total 72192K, used 65685K [0x00000000a0000000, 0x00000000a4680000, 0x00000000e0000000)
  object space 72192K, 90% used [0x00000000a0000000,0x00000000a4025550,0x00000000a4680000)
 Metaspace       used 81622K, capacity 88166K, committed 88448K, reserved 1126400K
  class space    used 10804K, capacity 12332K, committed 12416K, reserved 1048576K
Event: 2588.248 GC heap after
Heap after GC invocations=58 (full 3):
 PSYoungGen      total 88064K, used 13933K [0x00000000e0000000, 0x00000000e7480000, 0x0000000100000000)
  eden space 64512K, 0% used [0x00000000e0000000,0x00000000e0000000,0x00000000e3f00000)
  from space 23552K, 59% used [0x00000000e3f00000,0x00000000e4c9b508,0x00000000e5600000)
  to   space 23040K, 0% used [0x00000000e5e00000,0x00000000e5e00000,0x00000000e7480000)
 ParOldGen       total 72192K, used 66092K [0x00000000a0000000, 0x00000000a4680000, 0x00000000e0000000)
  object space 72192K, 91% used [0x00000000a0000000,0x00000000a408b200,0x00000000a4680000)
 Metaspace       used 81622K, capacity 88166K, committed 88448K, reserved 1126400K
  class space    used 10804K, capacity 12332K, committed 12416K, reserved 1048576K
}
Event: 5067.921 GC heap before
{Heap before GC invocations=59 (full 3):
 PSYoungGen      total 88064K, used 78445K [0x00000000e0000000, 0x00000000e7480000, 0x0000000100000000)
  eden space 64512K, 100% used [0x00000000e0000000,0x00000000e3f00000,0x00000000e3f00000)
  from space 23552K, 59% used [0x00000000e3f00000,0x00000000e4c9b508,0x00000000e5600000)
  to   space 23040K, 0% used [0x00000000e5e00000,0x00000000e5e00000,0x00000000e7480000)
 ParOldGen       total 72192K, used 66092K [0x00000000a0000000, 0x00000000a4680000, 0x00000000e0000000)
  object space 72192K, 91% used [0x00000000a0000000,0x00000000a408b200,0x00000000a4680000)
 Metaspace       used 81725K, capacity 88362K, committed 88448K, reserved 1126400K
  class space    used 10816K, capacity 12374K, committed 12416K, reserved 1048576K
Event: 5067.941 GC heap after
Heap after GC invocations=59 (full 3):
 PSYoungGen      total 95232K, used 5214K [0x00000000e0000000, 0x00000000e7480000, 0x0000000100000000)
  eden space 72192K, 0% used [0x00000000e0000000,0x00000000e0000000,0x00000000e4680000)
  from space 23040K, 22% used [0x00000000e5e00000,0x00000000e6317a78,0x00000000e7480000)
  to   space 23552K, 0% used [0x00000000e4680000,0x00000000e4680000,0x00000000e5d80000)
 ParOldGen       total 73728K, used 73418K [0x00000000a0000000, 0x00000000a4800000, 0x00000000e0000000)
  object space 73728K, 99% used [0x00000000a0000000,0x00000000a47b2b68,0x00000000a4800000)
 Metaspace       used 81725K, capacity 88362K, committed 88448K, reserved 1126400K
  class space    used 10816K, capacity 12374K, committed 12416K, reserved 1048576K
}
Event: 5067.941 GC heap before
{Heap before GC invocations=60 (full 4):
 PSYoungGen      total 95232K, used 5214K [0x00000000e0000000, 0x00000000e7480000, 0x0000000100000000)
  eden space 72192K, 0% used [0x00000000e0000000,0x00000000e0000000,0x00000000e4680000)
  from space 23040K, 22% used [0x00000000e5e00000,0x00000000e6317a78,0x00000000e7480000)
  to   space 23552K, 0% used [0x00000000e4680000,0x00000000e4680000,0x00000000e5d80000)
 ParOldGen       total 73728K, used 73418K [0x00000000a0000000, 0x00000000a4800000, 0x00000000e0000000)
  object space 73728K, 99% used [0x00000000a0000000,0x00000000a47b2b68,0x00000000a4800000)
 Metaspace       used 81725K, capacity 88362K, committed 88448K, reserved 1126400K
  class space    used 10816K, capacity 12374K, committed 12416K, reserved 1048576K
Event: 5068.244 GC heap after
Heap after GC invocations=60 (full 4):
 PSYoungGen      total 95232K, used 0K [0x00000000e0000000, 0x00000000e7480000, 0x0000000100000000)
  eden space 72192K, 0% used [0x00000000e0000000,0x00000000e0000000,0x00000000e4680000)
  from space 23040K, 0% used [0x00000000e5e00000,0x00000000e5e00000,0x00000000e7480000)
  to   space 23552K, 0% used [0x00000000e4680000,0x00000000e4680000,0x00000000e5d80000)
 ParOldGen       total 78336K, used 41915K [0x00000000a0000000, 0x00000000a4c80000, 0x00000000e0000000)
  object space 78336K, 53% used [0x00000000a0000000,0x00000000a28eef80,0x00000000a4c80000)
 Metaspace       used 77985K, capacity 82914K, committed 88448K, reserved 1126400K
  class space    used 10063K, capacity 11229K, committed 12416K, reserved 1048576K
}
Event: 5073.076 GC heap before
{Heap before GC invocations=61 (full 4):
 PSYoungGen      total 95232K, used 72192K [0x00000000e0000000, 0x00000000e7480000, 0x0000000100000000)
  eden space 72192K, 100% used [0x00000000e0000000,0x00000000e4680000,0x00000000e4680000)
  from space 23040K, 0% used [0x00000000e5e00000,0x00000000e5e00000,0x00000000e7480000)
  to   space 23552K, 0% used [0x00000000e4680000,0x00000000e4680000,0x00000000e5d80000)
 ParOldGen       total 78336K, used 41915K [0x00000000a0000000, 0x00000000a4c80000, 0x00000000e0000000)
  object space 78336K, 53% used [0x00000000a0000000,0x00000000a28eef80,0x00000000a4c80000)
 Metaspace       used 78287K, capacity 83566K, committed 88448K, reserved 1126400K
  class space    used 10128K, capacity 11362K, committed 12416K, reserved 1048576K
Event: 5073.086 GC heap after
Heap after GC invocations=61 (full 4):
 PSYoungGen      total 95744K, used 5136K [0x00000000e0000000, 0x00000000e7d00000, 0x0000000100000000)
  eden space 72192K, 0% used [0x00000000e0000000,0x00000000e0000000,0x00000000e4680000)
  from space 23552K, 21% used [0x00000000e4680000,0x00000000e4b84010,0x00000000e5d80000)
  to   space 23552K, 0% used [0x00000000e6600000,0x00000000e6600000,0x00000000e7d00000)
 ParOldGen       total 78336K, used 41915K [0x00000000a0000000, 0x00000000a4c80000, 0x00000000e0000000)
  object space 78336K, 53% used [0x00000000a0000000,0x00000000a28eef80,0x00000000a4c80000)
 Metaspace       used 78287K, capacity 83566K, committed 88448K, reserved 1126400K
  class space    used 10128K, capacity 11362K, committed 12416K, reserved 1048576K
}

